> Start Eclipse Jobs Mechanism [org.eclipse.core.jobs 3.15.100.v20230930-1207]
> Start Equinox Java Authentication and Authorization Service (JAAS) [org.eclipse.equinox.security 1.4.100.v20231012-1825]
> Start DBeaver Application Standalone [org.jkiss.dbeaver.ui.app.standalone 24.0.1.202403241413]
> Start Eclipse IDE UI Application [org.eclipse.ui.ide.application 1.5.200.v20231030-2045]
2025-06-06 21:29:04.051 - Error parsing command line: Unrecognized option: --reuse-workspace
> Start Eclipse IDE UI [org.eclipse.ui.ide 3.22.0.v20231102-1012]
> Start DBeaver UI [org.jkiss.dbeaver.ui 5.1.142.202403241413]
> Start Expression Language [org.eclipse.core.expressions 3.9.200.v20230921-0857]
> Start DBeaver Usage Statistics [org.jkiss.dbeaver.ui.statistics 1.0.23.202403241413]
2025-06-06 21:29:04.190 - send collected statistics
> Start DBeaver Desktop Application Core [org.jkiss.dbeaver.core 24.0.1.202403241413]
2025-06-06 21:29:04.236 - DBeaver 24.0.1.202403241413 is starting
2025-06-06 21:29:04.236 - OS: Linux 5.15.167.4-microsoft-standard-WSL2 (amd64)
2025-06-06 21:29:04.237 - Java version: 17.0.6 by Eclipse Adoptium (64bit)
2025-06-06 21:29:04.238 - Install path: '/usr/share/dbeaver-ce'
2025-06-06 21:29:04.238 - Instance path: 'file:/home/foxj7/.local/share/DBeaverData/workspace6/'
2025-06-06 21:29:04.240 - Memory available 64Mb/1024Mb
2025-06-06 21:29:04.247 - Create display
2025-06-06 21:29:04.401 - Initialize desktop platform...
2025-06-06 21:29:04.560 - BounceCastle bundle found. Use JCE provider BC
> Start Core File Systems [org.eclipse.core.filesystem 1.10.200.v20231102-0934]
> Start Core Resource Management [org.eclipse.core.resources 3.20.0.v20231102-0934]
> Start Team Support Core [org.eclipse.team.core 3.10.200.v20231106-1240]
> Start DBeaver UI Navigator [org.jkiss.dbeaver.ui.navigator 1.0.127.202403241413]
2025-06-06 21:29:04.718 - Initialize base platform...
2025-06-06 21:29:04.740 - Platform initialized (339ms)
> Start DBeaver UI Editors - Base [org.jkiss.dbeaver.ui.editors.base 1.0.127.202403241413]
2025-06-06 21:29:04.932 - Error accessing instance server: java.net.ConnectException
2025-06-06 21:29:04.946 - Starting instance server at http://localhost:37935
2025-06-06 21:29:04.954 - Run workbench
> Start Eclipse e4 Workbench SWT [org.eclipse.e4.ui.workbench.swt 0.17.200.v20231030-2045]
> Start Eclipse Application Services [org.eclipse.e4.core.services 2.4.200.v20231103-2012]
> Start Eclipse UI Application Services [org.eclipse.e4.ui.services 1.6.200.v20231030-2045]
> Start Eclipse e4 Progress View [org.eclipse.e4.ui.progress 0.4.200.v20231030-2045]
> Start Eclipse Bindings Support [org.eclipse.e4.ui.bindings 0.14.200.v20231030-2045]
> Start Eclipse e4 core commands [org.eclipse.e4.core.commands 1.1.200.v20231108-1058]
> Start EMF XML/XMI Persistence [org.eclipse.emf.ecore.xmi 2.36.0.v20231002-1156]
> Start Eclipse CSS SWT Theme Support [org.eclipse.e4.ui.css.swt.theme 0.14.200.v20230913-1724]
> Start Eclipse e4 Workbench Add-ons [org.eclipse.e4.ui.workbench.addons.swt 1.5.200.v20231106-1600]
> Start Eclipse e4 Workbench SWT Renderer [org.eclipse.e4.ui.workbench.renderers.swt 0.16.200.v20231030-2045]
> Start Eclipse Dependency Injection Extensions [org.eclipse.e4.core.di.extensions 0.18.100.v20231103-2012]
> Start Eclipse CSS SWT Support [org.eclipse.e4.ui.css.swt 0.15.200.v20231025-0632]
2025-06-06 21:29:06.373 - Configure workbench window
> Start DBeaver SQL Model [org.jkiss.dbeaver.model.sql 1.0.117.202403241413]
2025-06-06 21:29:06.491 - Total database drivers: 111 (111)
> Start Help System Core [org.eclipse.help 3.10.200.v20231106-1240]
2025-06-06 21:29:06.565 - Create actions
2025-06-06 21:29:06.571 - Disable Eclipse action set 'org.eclipse.ui.edit.text.actionSet.annotationNavigation'
2025-06-06 21:29:06.572 - Disable Eclipse action set 'org.eclipse.ui.WorkingSetActionSet'
2025-06-06 21:29:06.572 - Disable Eclipse action set 'org.eclipse.ui.actionSet.openFiles'
> Start jna [com.sun.jna 5.13.0.v20230812-1000]
2025-06-06 21:29:06.898 - Initialize workbench window
2025-06-06 21:29:06.899 - Error parsing command line: Unrecognized option: --reuse-workspace
2025-06-06 21:29:06.904 - Finish initialization
> Start Default Text Editor [org.eclipse.ui.editors 3.17.100.v20231106-1600]
> Start Text Editor Framework [org.eclipse.ui.workbench.texteditor 3.17.200.v20231106-1600]
> Start DBeaver UI Editors - Data [org.jkiss.dbeaver.ui.editors.data 1.0.127.202403241413]
> Start DBeaver UI Editors - SQL [org.jkiss.dbeaver.ui.editors.sql 1.0.127.202403241413]
2025-06-06 21:29:07.244 - Open [https://stats.dbeaver.com/send-statistics?session=88f6489c-2dd8-427a-86fd-aa401f5fba09&time=1749253891]
> Start DBeaver SQL Terminal [org.jkiss.dbeaver.ui.editors.sql.terminal 1.0.103.202403241413]

(DBeaver:32373): Gtk-WARNING **: 21:29:07.298: Negative content height -7 (allocation 6, extents 6x7) while allocating gadget (node separator, owner GtkSeparatorToolItem)

(DBeaver:32373): Gtk-WARNING **: 21:29:07.304: Negative content height -7 (allocation 6, extents 6x7) while allocating gadget (node separator, owner GtkSeparatorToolItem)
Gdk-Message: 21:29:07.366: Unable to load hand2 from the cursor theme
> Start Core Compare Support [org.eclipse.compare.core 3.8.300.v20231106-1240]

(DBeaver:32373): Gtk-WARNING **: 21:29:07.526: Negative content width -12 (allocation 1, extents 6x7) while allocating gadget (node separator, owner GtkSeparatorToolItem)
2025-06-06 21:29:07.611 - Statistics sent (OK)
> Start Internet Connection Management UI [org.eclipse.ui.net 1.5.200.v20231106-1240]
> Start Internet Connection Management [org.eclipse.core.net 1.5.200.v20231106-1240]
> Start DBeaver Sample Database [org.jkiss.dbeaver.ext.sample.database 1.0.164.202403241413]
> Start DBeaver Tip of the day [org.jkiss.dbeaver.ext.ui.tipoftheday 1.0.133.202403241413]
> Start GEF Classic Draw2d [org.eclipse.draw2d 3.14.100.202311222042]
> Start GEF Classic GEF (MVC) [org.eclipse.gef 3.16.0.202311222042]
> Start DBeaver ERD UI [org.jkiss.dbeaver.erd.ui 3.0.87.202403241413]
> Start DBeaver ERD Model [org.jkiss.dbeaver.erd.model 1.0.87.202403241413]
> Start DBeaver UI Editors - Connections [org.jkiss.dbeaver.ui.editors.connection 1.0.118.202403241413]
Gdk-Message: 21:29:08.273: Unable to load sb_v_double_arrow from the cursor theme
> Start Console [org.eclipse.ui.console 3.13.100.v20230914-0751]
> Start Debug Core [org.eclipse.debug.core 3.21.200.v20231021-1513]

(DBeaver:32373): Gtk-WARNING **: 21:29:08.422: Negative content width -8 (allocation 5, extents 6x7) while allocating gadget (node separator, owner GtkSeparatorToolItem)

(DBeaver:32373): Gtk-WARNING **: 21:29:08.426: Negative content width -8 (allocation 5, extents 6x7) while allocating gadget (node separator, owner GtkSeparatorToolItem)

(DBeaver:32373): Gtk-WARNING **: 21:29:08.436: Negative content width -8 (allocation 5, extents 6x7) while allocating gadget (node separator, owner GtkSeparatorToolItem)

(DBeaver:32373): Gtk-WARNING **: 21:29:08.447: Negative content width -8 (allocation 5, extents 6x7) while allocating gadget (node separator, owner GtkSeparatorToolItem)

(DBeaver:32373): Gtk-WARNING **: 21:29:08.454: Negative content width -8 (allocation 5, extents 6x7) while allocating gadget (node separator, owner GtkSeparatorToolItem)

(DBeaver:32373): Gtk-WARNING **: 21:29:08.477: Negative content width -1 (allocation 1, extents 1x1) while allocating gadget (node scrolledwindow, owner GtkScrolledWindow)
2025-06-06 21:29:08.594 - Connect with 'quantum_rag' (postgres-jdbc-1972ddce56d-6a07d9b6494cb13b)
> Start DBeaver JDBC Model [org.jkiss.dbeaver.model.jdbc 1.0.20.202403241413]
> Start DBeaver PostgreSQL Model [org.jkiss.dbeaver.ext.postgresql 2.1.200.202403241413]

(DBeaver:32373): Gtk-WARNING **: 21:29:08.620: Negative content width -8 (allocation 5, extents 6x7) while allocating gadget (node separator, owner GtkSeparatorToolItem)

(DBeaver:32373): Gtk-WARNING **: 21:29:08.621: Negative content width -8 (allocation 5, extents 6x7) while allocating gadget (node separator, owner GtkSeparatorToolItem)

(DBeaver:32373): Gtk-WARNING **: 21:29:08.621: Negative content width -8 (allocation 5, extents 6x7) while allocating gadget (node separator, owner GtkSeparatorToolItem)

(DBeaver:32373): Gtk-WARNING **: 21:29:08.622: Negative content width -8 (allocation 5, extents 6x7) while allocating gadget (node separator, owner GtkSeparatorToolItem)

(DBeaver:32373): Gtk-WARNING **: 21:29:08.622: Negative content width -8 (allocation 5, extents 6x7) while allocating gadget (node separator, owner GtkSeparatorToolItem)

(DBeaver:32373): Gtk-WARNING **: 21:29:08.622: Negative content width -8 (allocation 5, extents 6x7) while allocating gadget (node separator, owner GtkSeparatorToolItem)

(DBeaver:32373): Gtk-WARNING **: 21:29:08.623: Negative content width -8 (allocation 5, extents 6x7) while allocating gadget (node separator, owner GtkSeparatorToolItem)

(DBeaver:32373): Gtk-WARNING **: 21:29:08.623: Negative content width -8 (allocation 5, extents 6x7) while allocating gadget (node separator, owner GtkSeparatorToolItem)

(DBeaver:32373): Gtk-WARNING **: 21:29:08.623: Negative content width -8 (allocation 5, extents 6x7) while allocating gadget (node separator, owner GtkSeparatorToolItem)

(DBeaver:32373): Gtk-WARNING **: 21:29:08.624: Negative content width -8 (allocation 5, extents 6x7) while allocating gadget (node separator, owner GtkSeparatorToolItem)
> Start DBeaver GIS Support [org.jkiss.dbeaver.data.gis 1.0.151.202403241413]
2025-06-06 21:29:08.674 - Execution context opened (quantum_rag; Main <quantum_rag>; 0)
2025-06-06 21:29:08.678 - Initiate connection to PostgreSQL database [quantum_rag@quantum-rag-db.cx6uq0kumho2.us-east-1.rds.amazonaws.com] for Main <quantum_rag>
> Start DBeaver SQL Language Semantic Model [org.jkiss.dbeaver.model.lsm 1.0.22.202403241413]
2025-06-06 21:29:09.665 - Execution context opened (quantum_rag; Metadata <quantum_rag>; 1)
2025-06-06 21:29:09.666 - Initiate connection to PostgreSQL database [quantum_rag@quantum-rag-db.cx6uq0kumho2.us-east-1.rds.amazonaws.com] for Metadata <quantum_rag>
2025-06-06 21:29:10.692 - Error reading pgagent.pga_job ERROR: relation "pgagent.pga_job" does not exist
  Position: 15
2025-06-06 21:29:10.753 - Open [https://dbeaver.io/product/version.xml]
2025-06-06 21:29:10.803 - Connected (postgres-jdbc-1972ddce56d-6a07d9b6494cb13b, PostgreSQL JDBC Driver [42.7.2])
2025-06-06 21:29:10.881 - Execution context opened (quantum_rag; SQLEditor <Script-6.sql>; 2)
2025-06-06 21:29:10.882 - Initiate connection to PostgreSQL database [quantum_rag@quantum-rag-db.cx6uq0kumho2.us-east-1.rds.amazonaws.com] for SQLEditor <Script-6.sql>
> Start DBeaver Tasks - Native Tools UI [org.jkiss.dbeaver.tasks.native.ui 1.0.105.202403241413]
> Start DBeaver PostgreSQL UI [org.jkiss.dbeaver.ext.postgresql.ui 1.0.103.202403241413]
> Start DBeaver Tasks - General UI [org.jkiss.dbeaver.tasks.ui 1.0.105.202403241413]
Gdk-Message: 21:29:11.195: Unable to load hand2 from the cursor theme
Gdk-Message: 21:29:35.866: Unable to load sb_v_double_arrow from the cursor theme

(DBeaver:32373): Gtk-CRITICAL **: 21:29:35.868: gtk_box_gadget_distribute: assertion 'size >= 0' failed in GtkScrollbar

(DBeaver:32373): Gtk-CRITICAL **: 21:29:35.887: gtk_box_gadget_distribute: assertion 'size >= 0' failed in GtkScrollbar

(DBeaver:32373): Gtk-CRITICAL **: 21:29:35.977: gtk_box_gadget_distribute: assertion 'size >= 0' failed in GtkScrollbar

(DBeaver:32373): Gtk-CRITICAL **: 21:29:36.044: gtk_box_gadget_distribute: assertion 'size >= 0' failed in GtkScrollbar

(DBeaver:32373): Gtk-CRITICAL **: 21:29:36.065: gtk_box_gadget_distribute: assertion 'size >= 0' failed in GtkScrollbar

(DBeaver:32373): Gtk-CRITICAL **: 21:29:36.082: gtk_box_gadget_distribute: assertion 'size >= 0' failed in GtkScrollbar

(DBeaver:32373): Gtk-CRITICAL **: 21:29:36.099: gtk_box_gadget_distribute: assertion 'size >= 0' failed in GtkScrollbar

(DBeaver:32373): Gtk-CRITICAL **: 21:29:36.114: gtk_box_gadget_distribute: assertion 'size >= 0' failed in GtkScrollbar

(DBeaver:32373): Gtk-CRITICAL **: 21:29:36.131: gtk_box_gadget_distribute: assertion 'size >= 0' failed in GtkScrollbar

(DBeaver:32373): Gtk-CRITICAL **: 21:29:36.148: gtk_box_gadget_distribute: assertion 'size >= 0' failed in GtkScrollbar

(DBeaver:32373): Gtk-WARNING **: 21:29:37.693: Negative content width -1 (allocation 1, extents 1x1) while allocating gadget (node scrolledwindow, owner GtkScrolledWindow)

(DBeaver:32373): Gtk-WARNING **: 21:29:37.701: Negative content width -8 (allocation 5, extents 6x7) while allocating gadget (node separator, owner GtkSeparatorToolItem)

(DBeaver:32373): Gtk-WARNING **: 21:29:37.704: Negative content width -8 (allocation 5, extents 6x7) while allocating gadget (node separator, owner GtkSeparatorToolItem)

(DBeaver:32373): Gtk-WARNING **: 21:29:37.711: Negative content width -8 (allocation 5, extents 6x7) while allocating gadget (node separator, owner GtkSeparatorToolItem)

(DBeaver:32373): Gtk-WARNING **: 21:29:37.718: Negative content width -8 (allocation 5, extents 6x7) while allocating gadget (node separator, owner GtkSeparatorToolItem)

(DBeaver:32373): Gtk-WARNING **: 21:29:37.721: Negative content width -8 (allocation 5, extents 6x7) while allocating gadget (node separator, owner GtkSeparatorToolItem)

(DBeaver:32373): Gtk-WARNING **: 21:29:37.757: Negative content width -1 (allocation 1, extents 1x1) while allocating gadget (node scrolledwindow, owner GtkScrolledWindow)

(DBeaver:32373): Gtk-WARNING **: 21:29:37.787: Negative content width -8 (allocation 5, extents 6x7) while allocating gadget (node separator, owner GtkSeparatorToolItem)

(DBeaver:32373): Gtk-WARNING **: 21:29:37.788: Negative content width -8 (allocation 5, extents 6x7) while allocating gadget (node separator, owner GtkSeparatorToolItem)

(DBeaver:32373): Gtk-WARNING **: 21:29:37.789: Negative content width -8 (allocation 5, extents 6x7) while allocating gadget (node separator, owner GtkSeparatorToolItem)

(DBeaver:32373): Gtk-WARNING **: 21:29:37.789: Negative content width -8 (allocation 5, extents 6x7) while allocating gadget (node separator, owner GtkSeparatorToolItem)

(DBeaver:32373): Gtk-WARNING **: 21:29:37.790: Negative content width -8 (allocation 5, extents 6x7) while allocating gadget (node separator, owner GtkSeparatorToolItem)
Gdk-Message: 21:29:38.749: Unable to load sb_v_double_arrow from the cursor theme
Gdk-Message: 21:29:38.749: Unable to load sb_h_double_arrow from the cursor theme
Gdk-Message: 21:29:38.749: Unable to load left_ptr_watch from the cursor theme
Gdk-Message: 21:29:38.749: Unable to load question_arrow from the cursor theme
Gdk-Message: 21:29:38.750: Unable to load crossed_circle from the cursor theme
Gdk-Message: 21:29:38.750: Unable to load fleur from the cursor theme
Gdk-Message: 21:29:38.750: Unable to load size_bdiag from the cursor theme
Gdk-Message: 21:29:38.750: Unable to load size_fdiag from the cursor theme
Gdk-Message: 21:29:38.750: Unable to load sb_up_arrow from the cursor theme
Gdk-Message: 21:29:38.751: Unable to load up-arrow from the cursor theme
> Start ICU4J Base [com.ibm.icu.base 58.2.0.v20170418-1837]

(DBeaver:32373): Gtk-WARNING **: 21:29:38.955: Negative content width -8 (allocation 5, extents 6x7) while allocating gadget (node separator, owner GtkSeparatorToolItem)

(DBeaver:32373): Gtk-WARNING **: 21:29:38.955: Negative content width -8 (allocation 5, extents 6x7) while allocating gadget (node separator, owner GtkSeparatorToolItem)

(DBeaver:32373): Gtk-WARNING **: 21:29:38.956: Negative content width -8 (allocation 5, extents 6x7) while allocating gadget (node separator, owner GtkSeparatorToolItem)

(DBeaver:32373): Gtk-WARNING **: 21:29:38.957: Negative content width -8 (allocation 5, extents 6x7) while allocating gadget (node separator, owner GtkSeparatorToolItem)

(DBeaver:32373): Gtk-WARNING **: 21:29:38.957: Negative content width -8 (allocation 5, extents 6x7) while allocating gadget (node separator, owner GtkSeparatorToolItem)

(DBeaver:32373): Gtk-WARNING **: 21:29:38.971: Negative content width -8 (allocation 5, extents 6x7) while allocating gadget (node separator, owner GtkSeparatorToolItem)

(DBeaver:32373): Gtk-WARNING **: 21:29:38.971: Negative content width -8 (allocation 5, extents 6x7) while allocating gadget (node separator, owner GtkSeparatorToolItem)

(DBeaver:32373): Gtk-WARNING **: 21:29:38.972: Negative content width -8 (allocation 5, extents 6x7) while allocating gadget (node separator, owner GtkSeparatorToolItem)

(DBeaver:32373): Gtk-WARNING **: 21:29:38.972: Negative content width -8 (allocation 5, extents 6x7) while allocating gadget (node separator, owner GtkSeparatorToolItem)

(DBeaver:32373): Gtk-WARNING **: 21:29:38.973: Negative content width -8 (allocation 5, extents 6x7) while allocating gadget (node separator, owner GtkSeparatorToolItem)

(DBeaver:32373): Gtk-WARNING **: 21:29:39.099: Negative content width -8 (allocation 5, extents 6x7) while allocating gadget (node separator, owner GtkSeparatorToolItem)

(DBeaver:32373): Gtk-WARNING **: 21:29:39.099: Negative content width -8 (allocation 5, extents 6x7) while allocating gadget (node separator, owner GtkSeparatorToolItem)

(DBeaver:32373): Gtk-WARNING **: 21:29:39.100: Negative content width -8 (allocation 5, extents 6x7) while allocating gadget (node separator, owner GtkSeparatorToolItem)

(DBeaver:32373): Gtk-WARNING **: 21:29:39.100: Negative content width -8 (allocation 5, extents 6x7) while allocating gadget (node separator, owner GtkSeparatorToolItem)

(DBeaver:32373): Gtk-WARNING **: 21:29:39.100: Negative content width -8 (allocation 5, extents 6x7) while allocating gadget (node separator, owner GtkSeparatorToolItem)

(DBeaver:32373): Gtk-WARNING **: 21:29:40.742: Negative content width -8 (allocation 5, extents 6x7) while allocating gadget (node separator, owner GtkSeparatorToolItem)

(DBeaver:32373): Gtk-WARNING **: 21:29:40.742: Negative content width -8 (allocation 5, extents 6x7) while allocating gadget (node separator, owner GtkSeparatorToolItem)

(DBeaver:32373): Gtk-WARNING **: 21:29:40.743: Negative content width -8 (allocation 5, extents 6x7) while allocating gadget (node separator, owner GtkSeparatorToolItem)

(DBeaver:32373): Gtk-WARNING **: 21:29:40.743: Negative content width -8 (allocation 5, extents 6x7) while allocating gadget (node separator, owner GtkSeparatorToolItem)

(DBeaver:32373): Gtk-WARNING **: 21:29:40.744: Negative content width -8 (allocation 5, extents 6x7) while allocating gadget (node separator, owner GtkSeparatorToolItem)

(DBeaver:32373): Gtk-WARNING **: 21:29:42.024: Negative content width -8 (allocation 5, extents 6x7) while allocating gadget (node separator, owner GtkSeparatorToolItem)

(DBeaver:32373): Gtk-WARNING **: 21:29:42.024: Negative content width -8 (allocation 5, extents 6x7) while allocating gadget (node separator, owner GtkSeparatorToolItem)

(DBeaver:32373): Gtk-WARNING **: 21:29:42.025: Negative content width -8 (allocation 5, extents 6x7) while allocating gadget (node separator, owner GtkSeparatorToolItem)

(DBeaver:32373): Gtk-WARNING **: 21:29:42.025: Negative content width -8 (allocation 5, extents 6x7) while allocating gadget (node separator, owner GtkSeparatorToolItem)

(DBeaver:32373): Gtk-WARNING **: 21:29:42.025: Negative content width -8 (allocation 5, extents 6x7) while allocating gadget (node separator, owner GtkSeparatorToolItem)

(DBeaver:32373): Gtk-CRITICAL **: 21:29:48.292: gtk_box_gadget_distribute: assertion 'size >= 0' failed in GtkScrollbar

(DBeaver:32373): Gtk-CRITICAL **: 21:29:48.340: gtk_box_gadget_distribute: assertion 'size >= 0' failed in GtkScrollbar

(DBeaver:32373): Gtk-CRITICAL **: 21:29:48.386: gtk_box_gadget_distribute: assertion 'size >= 0' failed in GtkScrollbar

(DBeaver:32373): Gtk-CRITICAL **: 21:29:48.435: gtk_box_gadget_distribute: assertion 'size >= 0' failed in GtkScrollbar

(DBeaver:32373): Gtk-CRITICAL **: 21:29:48.483: gtk_box_gadget_distribute: assertion 'size >= 0' failed in GtkScrollbar

(DBeaver:32373): Gtk-CRITICAL **: 21:29:51.917: gtk_box_gadget_distribute: assertion 'size >= 0' failed in GtkScrollbar

(DBeaver:32373): Gtk-CRITICAL **: 21:29:51.961: gtk_box_gadget_distribute: assertion 'size >= 0' failed in GtkScrollbar

(DBeaver:32373): Gtk-CRITICAL **: 21:29:51.976: gtk_box_gadget_distribute: assertion 'size >= 0' failed in GtkScrollbar

(DBeaver:32373): Gtk-CRITICAL **: 21:29:51.993: gtk_box_gadget_distribute: assertion 'size >= 0' failed in GtkScrollbar

(DBeaver:32373): Gtk-CRITICAL **: 21:29:52.011: gtk_box_gadget_distribute: assertion 'size >= 0' failed in GtkScrollbar

(DBeaver:32373): Gtk-CRITICAL **: 21:29:52.028: gtk_box_gadget_distribute: assertion 'size >= 0' failed in GtkScrollbar

(DBeaver:32373): Gtk-CRITICAL **: 21:29:52.045: gtk_box_gadget_distribute: assertion 'size >= 0' failed in GtkScrollbar

(DBeaver:32373): Gtk-CRITICAL **: 21:29:52.062: gtk_box_gadget_distribute: assertion 'size >= 0' failed in GtkScrollbar

(DBeaver:32373): Gtk-CRITICAL **: 21:29:52.082: gtk_box_gadget_distribute: assertion 'size >= 0' failed in GtkScrollbar

(DBeaver:32373): Gtk-CRITICAL **: 21:29:52.111: gtk_box_gadget_distribute: assertion 'size >= 0' failed in GtkScrollbar

(DBeaver:32373): Gtk-CRITICAL **: 21:29:52.157: gtk_box_gadget_distribute: assertion 'size >= 0' failed in GtkScrollbar

(DBeaver:32373): Gtk-CRITICAL **: 21:29:52.174: gtk_box_gadget_distribute: assertion 'size >= 0' failed in GtkScrollbar

(DBeaver:32373): Gtk-CRITICAL **: 21:29:52.189: gtk_box_gadget_distribute: assertion 'size >= 0' failed in GtkScrollbar

(DBeaver:32373): Gtk-CRITICAL **: 21:29:52.207: gtk_box_gadget_distribute: assertion 'size >= 0' failed in GtkScrollbar

(DBeaver:32373): Gtk-CRITICAL **: 21:29:52.222: gtk_box_gadget_distribute: assertion 'size >= 0' failed in GtkScrollbar

(DBeaver:32373): Gtk-CRITICAL **: 21:29:56.471: gtk_box_gadget_distribute: assertion 'size >= 0' failed in GtkScrollbar

(DBeaver:32373): Gtk-CRITICAL **: 21:29:56.523: gtk_box_gadget_distribute: assertion 'size >= 0' failed in GtkScrollbar

(DBeaver:32373): Gtk-CRITICAL **: 21:29:56.561: gtk_box_gadget_distribute: assertion 'size >= 0' failed in GtkScrollbar

(DBeaver:32373): Gtk-CRITICAL **: 21:29:56.597: gtk_box_gadget_distribute: assertion 'size >= 0' failed in GtkScrollbar

(DBeaver:32373): Gtk-CRITICAL **: 21:29:56.634: gtk_box_gadget_distribute: assertion 'size >= 0' failed in GtkScrollbar

(DBeaver:32373): Gtk-CRITICAL **: 21:29:56.672: gtk_box_gadget_distribute: assertion 'size >= 0' failed in GtkScrollbar

(DBeaver:32373): Gtk-CRITICAL **: 21:30:07.712: gtk_box_gadget_distribute: assertion 'size >= 0' failed in GtkScrollbar

(DBeaver:32373): Gtk-CRITICAL **: 21:30:07.757: gtk_box_gadget_distribute: assertion 'size >= 0' failed in GtkScrollbar

(DBeaver:32373): Gtk-CRITICAL **: 21:30:07.773: gtk_box_gadget_distribute: assertion 'size >= 0' failed in GtkScrollbar

(DBeaver:32373): Gtk-CRITICAL **: 21:30:07.791: gtk_box_gadget_distribute: assertion 'size >= 0' failed in GtkScrollbar

(DBeaver:32373): Gtk-CRITICAL **: 21:30:07.808: gtk_box_gadget_distribute: assertion 'size >= 0' failed in GtkScrollbar

(DBeaver:32373): Gtk-CRITICAL **: 21:30:07.824: gtk_box_gadget_distribute: assertion 'size >= 0' failed in GtkScrollbar

(DBeaver:32373): Gtk-CRITICAL **: 21:30:07.841: gtk_box_gadget_distribute: assertion 'size >= 0' failed in GtkScrollbar

(DBeaver:32373): Gtk-CRITICAL **: 21:30:07.858: gtk_box_gadget_distribute: assertion 'size >= 0' failed in GtkScrollbar

(DBeaver:32373): Gtk-CRITICAL **: 21:30:07.875: gtk_box_gadget_distribute: assertion 'size >= 0' failed in GtkScrollbar

(DBeaver:32373): Gtk-CRITICAL **: 21:30:07.893: gtk_box_gadget_distribute: assertion 'size >= 0' failed in GtkScrollbar

(DBeaver:32373): Gtk-CRITICAL **: 21:30:07.909: gtk_box_gadget_distribute: assertion 'size >= 0' failed in GtkScrollbar

(DBeaver:32373): Gtk-CRITICAL **: 21:30:07.926: gtk_box_gadget_distribute: assertion 'size >= 0' failed in GtkScrollbar

(DBeaver:32373): Gtk-CRITICAL **: 21:30:07.941: gtk_box_gadget_distribute: assertion 'size >= 0' failed in GtkScrollbar

(DBeaver:32373): Gtk-CRITICAL **: 21:30:07.955: gtk_box_gadget_distribute: assertion 'size >= 0' failed in GtkScrollbar

(DBeaver:32373): Gtk-CRITICAL **: 21:30:07.972: gtk_box_gadget_distribute: assertion 'size >= 0' failed in GtkScrollbar

(DBeaver:32373): Gtk-CRITICAL **: 21:30:07.988: gtk_box_gadget_distribute: assertion 'size >= 0' failed in GtkScrollbar

(DBeaver:32373): Gtk-CRITICAL **: 21:30:08.007: gtk_box_gadget_distribute: assertion 'size >= 0' failed in GtkScrollbar

(DBeaver:32373): Gtk-CRITICAL **: 21:30:08.022: gtk_box_gadget_distribute: assertion 'size >= 0' failed in GtkScrollbar

(DBeaver:32373): Gtk-WARNING **: 21:30:24.767: Negative content width -1 (allocation 1, extents 1x1) while allocating gadget (node scrolledwindow, owner GtkScrolledWindow)

(DBeaver:32373): Gtk-WARNING **: 21:30:24.917: Negative content width -8 (allocation 5, extents 6x7) while allocating gadget (node separator, owner GtkSeparatorToolItem)

(DBeaver:32373): Gtk-WARNING **: 21:30:24.918: Negative content width -8 (allocation 5, extents 6x7) while allocating gadget (node separator, owner GtkSeparatorToolItem)

(DBeaver:32373): Gtk-WARNING **: 21:30:24.918: Negative content width -8 (allocation 5, extents 6x7) while allocating gadget (node separator, owner GtkSeparatorToolItem)

(DBeaver:32373): Gtk-WARNING **: 21:30:24.919: Negative content width -8 (allocation 5, extents 6x7) while allocating gadget (node separator, owner GtkSeparatorToolItem)

(DBeaver:32373): Gtk-WARNING **: 21:30:24.919: Negative content width -8 (allocation 5, extents 6x7) while allocating gadget (node separator, owner GtkSeparatorToolItem)
2025-06-06 21:30:24.919 - SQL Error [42601]: ERROR: syntax error at or near "describe"
  Position: 1

Error position: line: 8
org.jkiss.dbeaver.model.sql.DBSQLException: SQL Error [42601]: ERROR: syntax error at or near "describe"
  Position: 1
	at org.jkiss.dbeaver.model.impl.jdbc.exec.JDBCStatementImpl.executeStatement(JDBCStatementImpl.java:133)
	at org.jkiss.dbeaver.ui.editors.sql.execute.SQLQueryJob.executeStatement(SQLQueryJob.java:614)
	at org.jkiss.dbeaver.ui.editors.sql.execute.SQLQueryJob.lambda$2(SQLQueryJob.java:505)
	at org.jkiss.dbeaver.model.exec.DBExecUtils.tryExecuteRecover(DBExecUtils.java:191)
	at org.jkiss.dbeaver.ui.editors.sql.execute.SQLQueryJob.executeSingleQuery(SQLQueryJob.java:524)
	at org.jkiss.dbeaver.ui.editors.sql.execute.SQLQueryJob.extractData(SQLQueryJob.java:976)
	at org.jkiss.dbeaver.ui.editors.sql.SQLEditor$QueryResultsContainer.readData(SQLEditor.java:4133)
	at org.jkiss.dbeaver.ui.controls.resultset.ResultSetJobDataRead.lambda$0(ResultSetJobDataRead.java:123)
	at org.jkiss.dbeaver.model.exec.DBExecUtils.tryExecuteRecover(DBExecUtils.java:191)
	at org.jkiss.dbeaver.ui.controls.resultset.ResultSetJobDataRead.run(ResultSetJobDataRead.java:121)
	at org.jkiss.dbeaver.ui.controls.resultset.ResultSetViewer$ResultSetDataPumpJob.run(ResultSetViewer.java:5148)
	at org.jkiss.dbeaver.model.runtime.AbstractJob.run(AbstractJob.java:114)
	at org.eclipse.core.internal.jobs.Worker.run(Worker.java:63)
Caused by: org.postgresql.util.PSQLException: ERROR: syntax error at or near "describe"
  Position: 1
	at org.postgresql.core.v3.QueryExecutorImpl.receiveErrorResponse(QueryExecutorImpl.java:2725)
	at org.postgresql.core.v3.QueryExecutorImpl.processResults(QueryExecutorImpl.java:2412)
	at org.postgresql.core.v3.QueryExecutorImpl.execute(QueryExecutorImpl.java:371)
	at org.postgresql.jdbc.PgStatement.executeInternal(PgStatement.java:502)
	at org.postgresql.jdbc.PgStatement.execute(PgStatement.java:419)
	at org.postgresql.jdbc.PgStatement.executeWithFlags(PgStatement.java:341)
	at org.postgresql.jdbc.PgStatement.executeCachedSql(PgStatement.java:326)
	at org.postgresql.jdbc.PgStatement.executeWithFlags(PgStatement.java:302)
	at org.postgresql.jdbc.PgStatement.execute(PgStatement.java:297)
	at org.jkiss.dbeaver.model.impl.jdbc.exec.JDBCStatementImpl.execute(JDBCStatementImpl.java:330)
	at org.jkiss.dbeaver.model.impl.jdbc.exec.JDBCStatementImpl.executeStatement(JDBCStatementImpl.java:131)
	... 12 more

(DBeaver:32373): Gtk-WARNING **: 21:30:24.927: Negative content width -8 (allocation 5, extents 6x7) while allocating gadget (node separator, owner GtkSeparatorToolItem)

(DBeaver:32373): Gtk-WARNING **: 21:30:24.927: Negative content width -8 (allocation 5, extents 6x7) while allocating gadget (node separator, owner GtkSeparatorToolItem)

(DBeaver:32373): Gtk-WARNING **: 21:30:24.928: Negative content width -8 (allocation 5, extents 6x7) while allocating gadget (node separator, owner GtkSeparatorToolItem)

(DBeaver:32373): Gtk-WARNING **: 21:30:24.928: Negative content width -8 (allocation 5, extents 6x7) while allocating gadget (node separator, owner GtkSeparatorToolItem)

(DBeaver:32373): Gtk-WARNING **: 21:30:24.929: Negative content width -8 (allocation 5, extents 6x7) while allocating gadget (node separator, owner GtkSeparatorToolItem)
Gdk-Message: 21:30:24.932: Unable to load sb_h_double_arrow from the cursor theme

(DBeaver:32373): Gtk-WARNING **: 21:30:24.960: Negative content width -8 (allocation 5, extents 6x7) while allocating gadget (node separator, owner GtkSeparatorToolItem)

(DBeaver:32373): Gtk-WARNING **: 21:30:24.960: Negative content width -8 (allocation 5, extents 6x7) while allocating gadget (node separator, owner GtkSeparatorToolItem)

(DBeaver:32373): Gtk-WARNING **: 21:30:24.961: Negative content width -8 (allocation 5, extents 6x7) while allocating gadget (node separator, owner GtkSeparatorToolItem)

(DBeaver:32373): Gtk-WARNING **: 21:30:24.961: Negative content width -8 (allocation 5, extents 6x7) while allocating gadget (node separator, owner GtkSeparatorToolItem)

(DBeaver:32373): Gtk-WARNING **: 21:30:24.961: Negative content width -8 (allocation 5, extents 6x7) while allocating gadget (node separator, owner GtkSeparatorToolItem)

(DBeaver:32373): Gtk-WARNING **: 21:30:34.907: Negative content width -8 (allocation 5, extents 6x7) while allocating gadget (node separator, owner GtkSeparatorToolItem)

(DBeaver:32373): Gtk-WARNING **: 21:30:34.908: Negative content width -8 (allocation 5, extents 6x7) while allocating gadget (node separator, owner GtkSeparatorToolItem)

(DBeaver:32373): Gtk-WARNING **: 21:30:34.909: Negative content width -8 (allocation 5, extents 6x7) while allocating gadget (node separator, owner GtkSeparatorToolItem)

(DBeaver:32373): Gtk-WARNING **: 21:30:34.910: Negative content width -8 (allocation 5, extents 6x7) while allocating gadget (node separator, owner GtkSeparatorToolItem)

(DBeaver:32373): Gtk-WARNING **: 21:30:34.910: Negative content width -8 (allocation 5, extents 6x7) while allocating gadget (node separator, owner GtkSeparatorToolItem)
2025-06-06 21:30:34.911 - SQL Error [42601]: ERROR: syntax error at or near "describe"
  Position: 1

Error position: line: 8
org.jkiss.dbeaver.model.sql.DBSQLException: SQL Error [42601]: ERROR: syntax error at or near "describe"
  Position: 1
	at org.jkiss.dbeaver.model.impl.jdbc.exec.JDBCStatementImpl.executeStatement(JDBCStatementImpl.java:133)
	at org.jkiss.dbeaver.ui.editors.sql.execute.SQLQueryJob.executeStatement(SQLQueryJob.java:614)
	at org.jkiss.dbeaver.ui.editors.sql.execute.SQLQueryJob.lambda$2(SQLQueryJob.java:505)
	at org.jkiss.dbeaver.model.exec.DBExecUtils.tryExecuteRecover(DBExecUtils.java:191)
	at org.jkiss.dbeaver.ui.editors.sql.execute.SQLQueryJob.executeSingleQuery(SQLQueryJob.java:524)
	at org.jkiss.dbeaver.ui.editors.sql.execute.SQLQueryJob.extractData(SQLQueryJob.java:976)
	at org.jkiss.dbeaver.ui.editors.sql.SQLEditor$QueryResultsContainer.readData(SQLEditor.java:4133)
	at org.jkiss.dbeaver.ui.controls.resultset.ResultSetJobDataRead.lambda$0(ResultSetJobDataRead.java:123)
	at org.jkiss.dbeaver.model.exec.DBExecUtils.tryExecuteRecover(DBExecUtils.java:191)
	at org.jkiss.dbeaver.ui.controls.resultset.ResultSetJobDataRead.run(ResultSetJobDataRead.java:121)
	at org.jkiss.dbeaver.ui.controls.resultset.ResultSetViewer$ResultSetDataPumpJob.run(ResultSetViewer.java:5148)
	at org.jkiss.dbeaver.model.runtime.AbstractJob.run(AbstractJob.java:114)
	at org.eclipse.core.internal.jobs.Worker.run(Worker.java:63)
Caused by: org.postgresql.util.PSQLException: ERROR: syntax error at or near "describe"
  Position: 1
	at org.postgresql.core.v3.QueryExecutorImpl.receiveErrorResponse(QueryExecutorImpl.java:2725)
	at org.postgresql.core.v3.QueryExecutorImpl.processResults(QueryExecutorImpl.java:2412)
	at org.postgresql.core.v3.QueryExecutorImpl.execute(QueryExecutorImpl.java:371)
	at org.postgresql.jdbc.PgStatement.executeInternal(PgStatement.java:502)
	at org.postgresql.jdbc.PgStatement.execute(PgStatement.java:419)
	at org.postgresql.jdbc.PgStatement.executeWithFlags(PgStatement.java:341)
	at org.postgresql.jdbc.PgStatement.executeCachedSql(PgStatement.java:326)
	at org.postgresql.jdbc.PgStatement.executeWithFlags(PgStatement.java:302)
	at org.postgresql.jdbc.PgStatement.execute(PgStatement.java:297)
	at org.jkiss.dbeaver.model.impl.jdbc.exec.JDBCStatementImpl.execute(JDBCStatementImpl.java:330)
	at org.jkiss.dbeaver.model.impl.jdbc.exec.JDBCStatementImpl.executeStatement(JDBCStatementImpl.java:131)
	... 12 more

(DBeaver:32373): Gtk-WARNING **: 21:30:34.922: Negative content width -8 (allocation 5, extents 6x7) while allocating gadget (node separator, owner GtkSeparatorToolItem)

(DBeaver:32373): Gtk-WARNING **: 21:30:34.922: Negative content width -8 (allocation 5, extents 6x7) while allocating gadget (node separator, owner GtkSeparatorToolItem)

(DBeaver:32373): Gtk-WARNING **: 21:30:34.923: Negative content width -8 (allocation 5, extents 6x7) while allocating gadget (node separator, owner GtkSeparatorToolItem)

(DBeaver:32373): Gtk-WARNING **: 21:30:34.923: Negative content width -8 (allocation 5, extents 6x7) while allocating gadget (node separator, owner GtkSeparatorToolItem)

(DBeaver:32373): Gtk-WARNING **: 21:30:34.923: Negative content width -8 (allocation 5, extents 6x7) while allocating gadget (node separator, owner GtkSeparatorToolItem)
Gdk-Message: 21:30:34.927: Unable to load sb_h_double_arrow from the cursor theme

(DBeaver:32373): Gtk-WARNING **: 21:30:34.969: Negative content width -8 (allocation 5, extents 6x7) while allocating gadget (node separator, owner GtkSeparatorToolItem)

(DBeaver:32373): Gtk-WARNING **: 21:30:34.970: Negative content width -8 (allocation 5, extents 6x7) while allocating gadget (node separator, owner GtkSeparatorToolItem)

(DBeaver:32373): Gtk-WARNING **: 21:30:34.970: Negative content width -8 (allocation 5, extents 6x7) while allocating gadget (node separator, owner GtkSeparatorToolItem)

(DBeaver:32373): Gtk-WARNING **: 21:30:34.971: Negative content width -8 (allocation 5, extents 6x7) while allocating gadget (node separator, owner GtkSeparatorToolItem)

(DBeaver:32373): Gtk-WARNING **: 21:30:34.971: Negative content width -8 (allocation 5, extents 6x7) while allocating gadget (node separator, owner GtkSeparatorToolItem)
Gdk-Message: 21:30:54.301: Unable to load sb_v_double_arrow from the cursor theme

(DBeaver:32373): Gdk-WARNING **: 21:31:34.304: Tried to map a popup with a non-top most parent
Gdk-Message: 21:31:37.317: Unable to load sb_v_double_arrow from the cursor theme

(DBeaver:32373): Gtk-CRITICAL **: 21:31:37.318: gtk_box_gadget_distribute: assertion 'size >= 0' failed in GtkScrollbar

(DBeaver:32373): Gtk-CRITICAL **: 21:31:37.330: gtk_box_gadget_distribute: assertion 'size >= 0' failed in GtkScrollbar

(DBeaver:32373): Gtk-CRITICAL **: 21:31:37.385: gtk_box_gadget_distribute: assertion 'size >= 0' failed in GtkScrollbar

(DBeaver:32373): Gtk-CRITICAL **: 21:31:37.423: gtk_box_gadget_distribute: assertion 'size >= 0' failed in GtkScrollbar

(DBeaver:32373): Gtk-CRITICAL **: 21:31:37.447: gtk_box_gadget_distribute: assertion 'size >= 0' failed in GtkScrollbar

(DBeaver:32373): Gtk-CRITICAL **: 21:31:37.463: gtk_box_gadget_distribute: assertion 'size >= 0' failed in GtkScrollbar

(DBeaver:32373): Gtk-CRITICAL **: 21:31:37.479: gtk_box_gadget_distribute: assertion 'size >= 0' failed in GtkScrollbar

(DBeaver:32373): Gtk-CRITICAL **: 21:31:37.496: gtk_box_gadget_distribute: assertion 'size >= 0' failed in GtkScrollbar

(DBeaver:32373): Gtk-CRITICAL **: 21:31:37.509: gtk_box_gadget_distribute: assertion 'size >= 0' failed in GtkScrollbar

(DBeaver:32373): Gtk-CRITICAL **: 21:31:37.527: gtk_box_gadget_distribute: assertion 'size >= 0' failed in GtkScrollbar

(DBeaver:32373): Gtk-CRITICAL **: 21:31:37.543: gtk_box_gadget_distribute: assertion 'size >= 0' failed in GtkScrollbar

(DBeaver:32373): Gtk-CRITICAL **: 21:31:37.559: gtk_box_gadget_distribute: assertion 'size >= 0' failed in GtkScrollbar

(DBeaver:32373): Gtk-CRITICAL **: 21:31:37.575: gtk_box_gadget_distribute: assertion 'size >= 0' failed in GtkScrollbar

(DBeaver:32373): Gtk-CRITICAL **: 21:31:37.594: gtk_box_gadget_distribute: assertion 'size >= 0' failed in GtkScrollbar

(DBeaver:32373): Gtk-CRITICAL **: 21:32:00.637: gtk_box_gadget_distribute: assertion 'size >= 0' failed in GtkScrollbar

(DBeaver:32373): Gtk-CRITICAL **: 21:32:00.693: gtk_box_gadget_distribute: assertion 'size >= 0' failed in GtkScrollbar

(DBeaver:32373): Gtk-CRITICAL **: 21:32:00.736: gtk_box_gadget_distribute: assertion 'size >= 0' failed in GtkScrollbar

(DBeaver:32373): Gtk-CRITICAL **: 21:32:00.780: gtk_box_gadget_distribute: assertion 'size >= 0' failed in GtkScrollbar

(DBeaver:32373): Gtk-CRITICAL **: 21:32:00.823: gtk_box_gadget_distribute: assertion 'size >= 0' failed in GtkScrollbar

(DBeaver:32373): Gtk-CRITICAL **: 21:32:00.861: gtk_box_gadget_distribute: assertion 'size >= 0' failed in GtkScrollbar

(DBeaver:32373): Gtk-CRITICAL **: 21:32:06.803: gtk_box_gadget_distribute: assertion 'size >= 0' failed in GtkScrollbar

(DBeaver:32373): Gtk-CRITICAL **: 21:32:06.849: gtk_box_gadget_distribute: assertion 'size >= 0' failed in GtkScrollbar

(DBeaver:32373): Gtk-CRITICAL **: 21:32:06.865: gtk_box_gadget_distribute: assertion 'size >= 0' failed in GtkScrollbar

(DBeaver:32373): Gtk-CRITICAL **: 21:32:06.885: gtk_box_gadget_distribute: assertion 'size >= 0' failed in GtkScrollbar

(DBeaver:32373): Gtk-CRITICAL **: 21:32:06.900: gtk_box_gadget_distribute: assertion 'size >= 0' failed in GtkScrollbar

(DBeaver:32373): Gtk-CRITICAL **: 21:32:06.918: gtk_box_gadget_distribute: assertion 'size >= 0' failed in GtkScrollbar

(DBeaver:32373): Gtk-CRITICAL **: 21:32:06.935: gtk_box_gadget_distribute: assertion 'size >= 0' failed in GtkScrollbar

(DBeaver:32373): Gtk-CRITICAL **: 21:32:06.951: gtk_box_gadget_distribute: assertion 'size >= 0' failed in GtkScrollbar

(DBeaver:32373): Gtk-CRITICAL **: 21:32:06.968: gtk_box_gadget_distribute: assertion 'size >= 0' failed in GtkScrollbar

(DBeaver:32373): Gtk-CRITICAL **: 21:32:06.987: gtk_box_gadget_distribute: assertion 'size >= 0' failed in GtkScrollbar

(DBeaver:32373): Gtk-CRITICAL **: 21:32:07.003: gtk_box_gadget_distribute: assertion 'size >= 0' failed in GtkScrollbar

(DBeaver:32373): Gtk-CRITICAL **: 21:32:07.020: gtk_box_gadget_distribute: assertion 'size >= 0' failed in GtkScrollbar

(DBeaver:32373): Gtk-CRITICAL **: 21:32:07.034: gtk_box_gadget_distribute: assertion 'size >= 0' failed in GtkScrollbar

(DBeaver:32373): Gtk-CRITICAL **: 21:32:07.047: gtk_box_gadget_distribute: assertion 'size >= 0' failed in GtkScrollbar

(DBeaver:32373): Gtk-CRITICAL **: 21:32:07.063: gtk_box_gadget_distribute: assertion 'size >= 0' failed in GtkScrollbar

(DBeaver:32373): Gtk-CRITICAL **: 21:32:07.080: gtk_box_gadget_distribute: assertion 'size >= 0' failed in GtkScrollbar

(DBeaver:32373): Gtk-CRITICAL **: 21:32:07.097: gtk_box_gadget_distribute: assertion 'size >= 0' failed in GtkScrollbar

(DBeaver:32373): Gtk-CRITICAL **: 21:32:07.113: gtk_box_gadget_distribute: assertion 'size >= 0' failed in GtkScrollbar

(DBeaver:32373): Gtk-CRITICAL **: 21:32:08.119: gtk_box_gadget_distribute: assertion 'size >= 0' failed in GtkScrollbar

(DBeaver:32373): Gtk-CRITICAL **: 21:32:12.481: gtk_box_gadget_distribute: assertion 'size >= 0' failed in GtkScrollbar

(DBeaver:32373): Gtk-CRITICAL **: 21:32:13.420: gtk_box_gadget_distribute: assertion 'size >= 0' failed in GtkScrollbar

(DBeaver:32373): Gtk-CRITICAL **: 21:32:19.713: gtk_box_gadget_distribute: assertion 'size >= 0' failed in GtkScrollbar

(DBeaver:32373): Gtk-CRITICAL **: 21:32:21.827: gtk_box_gadget_distribute: assertion 'size >= 0' failed in GtkScrollbar

(DBeaver:32373): Gtk-CRITICAL **: 21:32:24.825: gtk_box_gadget_distribute: assertion 'size >= 0' failed in GtkScrollbar

(DBeaver:32373): Gtk-CRITICAL **: 21:32:26.105: gtk_box_gadget_distribute: assertion 'size >= 0' failed in GtkScrollbar

(DBeaver:32373): Gtk-CRITICAL **: 21:32:33.715: gtk_box_gadget_distribute: assertion 'size >= 0' failed in GtkScrollbar

(DBeaver:32373): Gtk-CRITICAL **: 21:32:37.322: gtk_box_gadget_distribute: assertion 'size >= 0' failed in GtkScrollbar
